{"C:\\Users\\nyabe\\Documents\\GitHub\\Stardew-Discord-Bot\\src\\apiCalls\\discordCalls.js": {"path":"C:\\Users\\nyabe\\Documents\\GitHub\\Stardew-Discord-Bot\\src\\apiCalls\\discordCalls.js","statementMap":{"0":{"start":{"line":1,"column":14},"end":{"line":1,"column":36}},"1":{"start":{"line":7,"column":27},"end":{"line":9,"column":1}},"2":{"start":{"line":8,"column":2},"end":{"line":8,"column":57}},"3":{"start":{"line":14,"column":26},"end":{"line":29,"column":1}},"4":{"start":{"line":15,"column":2},"end":{"line":28,"column":3}},"5":{"start":{"line":16,"column":20},"end":{"line":16,"column":58}},"6":{"start":{"line":17,"column":4},"end":{"line":20,"column":5}},"7":{"start":{"line":18,"column":6},"end":{"line":18,"column":98}},"8":{"start":{"line":19,"column":6},"end":{"line":19,"column":18}},"9":{"start":{"line":22,"column":4},"end":{"line":22,"column":100}},"10":{"start":{"line":23,"column":4},"end":{"line":23,"column":19}},"11":{"start":{"line":26,"column":4},"end":{"line":26,"column":91}},"12":{"start":{"line":27,"column":4},"end":{"line":27,"column":16}},"13":{"start":{"line":34,"column":20},"end":{"line":36,"column":1}},"14":{"start":{"line":35,"column":2},"end":{"line":35,"column":37}},"15":{"start":{"line":38,"column":0},"end":{"line":38,"column":72}}},"fnMap":{"0":{"name":"(anonymous_0)","decl":{"start":{"line":7,"column":27},"end":{"line":7,"column":28}},"loc":{"start":{"line":7,"column":60},"end":{"line":9,"column":1}},"line":7},"1":{"name":"(anonymous_1)","decl":{"start":{"line":14,"column":26},"end":{"line":14,"column":27}},"loc":{"start":{"line":14,"column":55},"end":{"line":29,"column":1}},"line":14},"2":{"name":"(anonymous_2)","decl":{"start":{"line":34,"column":20},"end":{"line":34,"column":21}},"loc":{"start":{"line":34,"column":48},"end":{"line":36,"column":1}},"line":34}},"branchMap":{"0":{"loc":{"start":{"line":7,"column":43},"end":{"line":7,"column":55}},"type":"default-arg","locations":[{"start":{"line":7,"column":52},"end":{"line":7,"column":55}}],"line":7},"1":{"loc":{"start":{"line":17,"column":4},"end":{"line":20,"column":5}},"type":"if","locations":[{"start":{"line":17,"column":4},"end":{"line":20,"column":5}},{"start":{},"end":{}}],"line":17}},"s":{"0":1,"1":1,"2":0,"3":1,"4":0,"5":0,"6":0,"7":0,"8":0,"9":0,"10":0,"11":0,"12":0,"13":1,"14":0,"15":1},"f":{"0":0,"1":0,"2":0},"b":{"0":[0],"1":[0,0]},"_coverageSchema":"1a1c01bbd47fc00a2c39e90264f33305004495a9","hash":"63adfafc93f9fbf76b29f281a119de7a57b2f001"}
,"C:\\Users\\nyabe\\Documents\\GitHub\\Stardew-Discord-Bot\\src\\apiCalls\\nexus.js": {"path":"C:\\Users\\nyabe\\Documents\\GitHub\\Stardew-Discord-Bot\\src\\apiCalls\\nexus.js","statementMap":{"0":{"start":{"line":1,"column":0},"end":{"line":1,"column":27}},"1":{"start":{"line":2,"column":14},"end":{"line":2,"column":35}},"2":{"start":{"line":3,"column":14},"end":{"line":3,"column":33}},"3":{"start":{"line":4,"column":16},"end":{"line":4,"column":54}},"4":{"start":{"line":6,"column":26},"end":{"line":6,"column":30}},"5":{"start":{"line":7,"column":20},"end":{"line":7,"column":24}},"6":{"start":{"line":9,"column":32},"end":{"line":80,"column":1}},"7":{"start":{"line":10,"column":15},"end":{"line":10,"column":44}},"8":{"start":{"line":11,"column":4},"end":{"line":79,"column":5}},"9":{"start":{"line":13,"column":8},"end":{"line":13,"column":96}},"10":{"start":{"line":14,"column":8},"end":{"line":14,"column":16}},"11":{"start":{"line":15,"column":24},"end":{"line":15,"column":65}},"12":{"start":{"line":18,"column":8},"end":{"line":21,"column":9}},"13":{"start":{"line":19,"column":12},"end":{"line":19,"column":113}},"14":{"start":{"line":20,"column":12},"end":{"line":20,"column":18}},"15":{"start":{"line":24,"column":8},"end":{"line":40,"column":9}},"16":{"start":{"line":25,"column":12},"end":{"line":25,"column":97}},"17":{"start":{"line":26,"column":12},"end":{"line":26,"column":111}},"18":{"start":{"line":29,"column":12},"end":{"line":32,"column":13}},"19":{"start":{"line":30,"column":16},"end":{"line":30,"column":140}},"20":{"start":{"line":31,"column":16},"end":{"line":31,"column":23}},"21":{"start":{"line":34,"column":12},"end":{"line":34,"column":98}},"22":{"start":{"line":39,"column":12},"end":{"line":39,"column":131}},"23":{"start":{"line":43,"column":8},"end":{"line":54,"column":9}},"24":{"start":{"line":44,"column":12},"end":{"line":44,"column":130}},"25":{"start":{"line":47,"column":13},"end":{"line":54,"column":9}},"26":{"start":{"line":48,"column":12},"end":{"line":48,"column":172}},"27":{"start":{"line":49,"column":12},"end":{"line":49,"column":19}},"28":{"start":{"line":53,"column":12},"end":{"line":53,"column":210}},"29":{"start":{"line":57,"column":8},"end":{"line":57,"column":32}},"30":{"start":{"line":61,"column":23},"end":{"line":61,"column":44}},"31":{"start":{"line":62,"column":31},"end":{"line":62,"column":243}},"32":{"start":{"line":65,"column":34},"end":{"line":65,"column":87}},"33":{"start":{"line":67,"column":33},"end":{"line":67,"column":90}},"34":{"start":{"line":67,"column":61},"end":{"line":67,"column":89}},"35":{"start":{"line":69,"column":8},"end":{"line":72,"column":9}},"36":{"start":{"line":70,"column":12},"end":{"line":70,"column":261}},"37":{"start":{"line":71,"column":12},"end":{"line":71,"column":19}},"38":{"start":{"line":75,"column":8},"end":{"line":75,"column":65}},"39":{"start":{"line":78,"column":8},"end":{"line":78,"column":97}},"40":{"start":{"line":83,"column":25},"end":{"line":133,"column":1}},"41":{"start":{"line":84,"column":4},"end":{"line":131,"column":5}},"42":{"start":{"line":85,"column":8},"end":{"line":85,"column":104}},"43":{"start":{"line":86,"column":24},"end":{"line":86,"column":59}},"44":{"start":{"line":89,"column":8},"end":{"line":92,"column":9}},"45":{"start":{"line":90,"column":12},"end":{"line":90,"column":138}},"46":{"start":{"line":91,"column":12},"end":{"line":91,"column":24}},"47":{"start":{"line":95,"column":29},"end":{"line":95,"column":82}},"48":{"start":{"line":98,"column":8},"end":{"line":101,"column":9}},"49":{"start":{"line":99,"column":12},"end":{"line":99,"column":118}},"50":{"start":{"line":100,"column":12},"end":{"line":100,"column":24}},"51":{"start":{"line":104,"column":8},"end":{"line":107,"column":9}},"52":{"start":{"line":104,"column":65},"end":{"line":104,"column":81}},"53":{"start":{"line":105,"column":12},"end":{"line":105,"column":166}},"54":{"start":{"line":106,"column":12},"end":{"line":106,"column":24}},"55":{"start":{"line":110,"column":8},"end":{"line":114,"column":9}},"56":{"start":{"line":110,"column":35},"end":{"line":110,"column":98}},"57":{"start":{"line":111,"column":37},"end":{"line":111,"column":83}},"58":{"start":{"line":111,"column":60},"end":{"line":111,"column":82}},"59":{"start":{"line":112,"column":12},"end":{"line":112,"column":189}},"60":{"start":{"line":113,"column":12},"end":{"line":113,"column":24}},"61":{"start":{"line":117,"column":26},"end":{"line":117,"column":79}},"62":{"start":{"line":117,"column":52},"end":{"line":117,"column":78}},"63":{"start":{"line":119,"column":8},"end":{"line":122,"column":9}},"64":{"start":{"line":120,"column":12},"end":{"line":120,"column":180}},"65":{"start":{"line":121,"column":12},"end":{"line":121,"column":24}},"66":{"start":{"line":124,"column":8},"end":{"line":124,"column":70}},"67":{"start":{"line":125,"column":8},"end":{"line":125,"column":28}},"68":{"start":{"line":129,"column":8},"end":{"line":129,"column":118}},"69":{"start":{"line":130,"column":8},"end":{"line":130,"column":20}},"70":{"start":{"line":136,"column":19},"end":{"line":166,"column":1}},"71":{"start":{"line":137,"column":4},"end":{"line":164,"column":5}},"72":{"start":{"line":138,"column":8},"end":{"line":138,"column":91}},"73":{"start":{"line":140,"column":23},"end":{"line":145,"column":10}},"74":{"start":{"line":146,"column":8},"end":{"line":146,"column":16}},"75":{"start":{"line":149,"column":8},"end":{"line":153,"column":9}},"76":{"start":{"line":150,"column":12},"end":{"line":150,"column":20}},"77":{"start":{"line":151,"column":12},"end":{"line":151,"column":144}},"78":{"start":{"line":152,"column":12},"end":{"line":152,"column":24}},"79":{"start":{"line":156,"column":21},"end":{"line":156,"column":42}},"80":{"start":{"line":157,"column":8},"end":{"line":157,"column":92}},"81":{"start":{"line":158,"column":8},"end":{"line":158,"column":20}},"82":{"start":{"line":162,"column":8},"end":{"line":162,"column":99}},"83":{"start":{"line":163,"column":8},"end":{"line":163,"column":20}},"84":{"start":{"line":168,"column":32},"end":{"line":168,"column":66}},"85":{"start":{"line":168,"column":41},"end":{"line":168,"column":66}},"86":{"start":{"line":169,"column":26},"end":{"line":169,"column":54}},"87":{"start":{"line":169,"column":35},"end":{"line":169,"column":54}},"88":{"start":{"line":171,"column":0},"end":{"line":177,"column":2}}},"fnMap":{"0":{"name":"(anonymous_0)","decl":{"start":{"line":9,"column":32},"end":{"line":9,"column":33}},"loc":{"start":{"line":9,"column":50},"end":{"line":80,"column":1}},"line":9},"1":{"name":"(anonymous_1)","decl":{"start":{"line":67,"column":56},"end":{"line":67,"column":57}},"loc":{"start":{"line":67,"column":61},"end":{"line":67,"column":89}},"line":67},"2":{"name":"(anonymous_2)","decl":{"start":{"line":83,"column":25},"end":{"line":83,"column":26}},"loc":{"start":{"line":83,"column":39},"end":{"line":133,"column":1}},"line":83},"3":{"name":"(anonymous_3)","decl":{"start":{"line":104,"column":60},"end":{"line":104,"column":61}},"loc":{"start":{"line":104,"column":65},"end":{"line":104,"column":81}},"line":104},"4":{"name":"(anonymous_4)","decl":{"start":{"line":110,"column":30},"end":{"line":110,"column":31}},"loc":{"start":{"line":110,"column":35},"end":{"line":110,"column":98}},"line":110},"5":{"name":"(anonymous_5)","decl":{"start":{"line":111,"column":55},"end":{"line":111,"column":56}},"loc":{"start":{"line":111,"column":60},"end":{"line":111,"column":82}},"line":111},"6":{"name":"(anonymous_6)","decl":{"start":{"line":117,"column":47},"end":{"line":117,"column":48}},"loc":{"start":{"line":117,"column":52},"end":{"line":117,"column":78}},"line":117},"7":{"name":"(anonymous_7)","decl":{"start":{"line":136,"column":19},"end":{"line":136,"column":20}},"loc":{"start":{"line":136,"column":33},"end":{"line":166,"column":1}},"line":136},"8":{"name":"(anonymous_8)","decl":{"start":{"line":168,"column":32},"end":{"line":168,"column":33}},"loc":{"start":{"line":168,"column":41},"end":{"line":168,"column":66}},"line":168},"9":{"name":"(anonymous_9)","decl":{"start":{"line":169,"column":26},"end":{"line":169,"column":27}},"loc":{"start":{"line":169,"column":35},"end":{"line":169,"column":54}},"line":169}},"branchMap":{"0":{"loc":{"start":{"line":18,"column":8},"end":{"line":21,"column":9}},"type":"if","locations":[{"start":{"line":18,"column":8},"end":{"line":21,"column":9}},{"start":{},"end":{}}],"line":18},"1":{"loc":{"start":{"line":24,"column":8},"end":{"line":40,"column":9}},"type":"if","locations":[{"start":{"line":24,"column":8},"end":{"line":40,"column":9}},{"start":{"line":38,"column":13},"end":{"line":40,"column":9}}],"line":24},"2":{"loc":{"start":{"line":29,"column":12},"end":{"line":32,"column":13}},"type":"if","locations":[{"start":{"line":29,"column":12},"end":{"line":32,"column":13}},{"start":{},"end":{}}],"line":29},"3":{"loc":{"start":{"line":43,"column":8},"end":{"line":54,"column":9}},"type":"if","locations":[{"start":{"line":43,"column":8},"end":{"line":54,"column":9}},{"start":{"line":47,"column":13},"end":{"line":54,"column":9}}],"line":43},"4":{"loc":{"start":{"line":47,"column":13},"end":{"line":54,"column":9}},"type":"if","locations":[{"start":{"line":47,"column":13},"end":{"line":54,"column":9}},{"start":{"line":52,"column":13},"end":{"line":54,"column":9}}],"line":47},"5":{"loc":{"start":{"line":69,"column":8},"end":{"line":72,"column":9}},"type":"if","locations":[{"start":{"line":69,"column":8},"end":{"line":72,"column":9}},{"start":{},"end":{}}],"line":69},"6":{"loc":{"start":{"line":89,"column":8},"end":{"line":92,"column":9}},"type":"if","locations":[{"start":{"line":89,"column":8},"end":{"line":92,"column":9}},{"start":{},"end":{}}],"line":89},"7":{"loc":{"start":{"line":98,"column":8},"end":{"line":101,"column":9}},"type":"if","locations":[{"start":{"line":98,"column":8},"end":{"line":101,"column":9}},{"start":{},"end":{}}],"line":98},"8":{"loc":{"start":{"line":104,"column":8},"end":{"line":107,"column":9}},"type":"if","locations":[{"start":{"line":104,"column":8},"end":{"line":107,"column":9}},{"start":{},"end":{}}],"line":104},"9":{"loc":{"start":{"line":104,"column":11},"end":{"line":104,"column":82}},"type":"binary-expr","locations":[{"start":{"line":104,"column":11},"end":{"line":104,"column":37}},{"start":{"line":104,"column":41},"end":{"line":104,"column":82}}],"line":104},"10":{"loc":{"start":{"line":110,"column":8},"end":{"line":114,"column":9}},"type":"if","locations":[{"start":{"line":110,"column":8},"end":{"line":114,"column":9}},{"start":{},"end":{}}],"line":110},"11":{"loc":{"start":{"line":110,"column":35},"end":{"line":110,"column":98}},"type":"binary-expr","locations":[{"start":{"line":110,"column":35},"end":{"line":110,"column":68}},{"start":{"line":110,"column":72},"end":{"line":110,"column":98}}],"line":110},"12":{"loc":{"start":{"line":119,"column":8},"end":{"line":122,"column":9}},"type":"if","locations":[{"start":{"line":119,"column":8},"end":{"line":122,"column":9}},{"start":{},"end":{}}],"line":119},"13":{"loc":{"start":{"line":149,"column":8},"end":{"line":153,"column":9}},"type":"if","locations":[{"start":{"line":149,"column":8},"end":{"line":153,"column":9}},{"start":{},"end":{}}],"line":149}},"s":{"0":10,"1":10,"2":10,"3":10,"4":10,"5":10,"6":10,"7":10,"8":10,"9":10,"10":10,"11":10,"12":9,"13":1,"14":1,"15":8,"16":2,"17":2,"18":2,"19":1,"20":1,"21":1,"22":6,"23":7,"24":5,"25":2,"26":1,"27":1,"28":1,"29":6,"30":6,"31":6,"32":6,"33":6,"34":1,"35":2,"36":1,"37":1,"38":1,"39":5,"40":10,"41":0,"42":0,"43":0,"44":0,"45":0,"46":0,"47":0,"48":0,"49":0,"50":0,"51":0,"52":0,"53":0,"54":0,"55":0,"56":0,"57":0,"58":0,"59":0,"60":0,"61":0,"62":0,"63":0,"64":0,"65":0,"66":0,"67":0,"68":0,"69":0,"70":10,"71":0,"72":0,"73":0,"74":0,"75":0,"76":0,"77":0,"78":0,"79":0,"80":0,"81":0,"82":0,"83":0,"84":10,"85":16,"86":10,"87":12,"88":10},"f":{"0":10,"1":1,"2":0,"3":0,"4":0,"5":0,"6":0,"7":0,"8":16,"9":12},"b":{"0":[1,8],"1":[2,6],"2":[1,1],"3":[5,2],"4":[1,1],"5":[1,1],"6":[0,0],"7":[0,0],"8":[0,0],"9":[0,0],"10":[0,0],"11":[0,0],"12":[0,0],"13":[0,0]},"_coverageSchema":"1a1c01bbd47fc00a2c39e90264f33305004495a9","hash":"1b739cf9b1407cf502a45a7e27bb1210829860d2"}
}
