TN:
SF:src\apiCalls\discordCalls.js
FN:7,(anonymous_0)
FN:14,(anonymous_1)
FN:34,(anonymous_2)
FNF:3
FNH:0
FNDA:0,(anonymous_0)
FNDA:0,(anonymous_1)
FNDA:0,(anonymous_2)
DA:1,1
DA:7,1
DA:8,0
DA:14,1
DA:15,0
DA:16,0
DA:17,0
DA:18,0
DA:19,0
DA:22,0
DA:23,0
DA:26,0
DA:27,0
DA:34,1
DA:35,0
DA:38,1
LF:16
LH:5
BRDA:7,0,0,0
BRDA:17,1,0,0
BRDA:17,1,1,0
BRF:3
BRH:0
end_of_record
TN:
SF:src\apiCalls\nexus.js
FN:9,(anonymous_0)
FN:67,(anonymous_1)
FN:83,(anonymous_2)
FN:104,(anonymous_3)
FN:110,(anonymous_4)
FN:111,(anonymous_5)
FN:117,(anonymous_6)
FN:136,(anonymous_7)
FN:168,(anonymous_8)
FN:169,(anonymous_9)
FNF:10
FNH:4
FNDA:10,(anonymous_0)
FNDA:1,(anonymous_1)
FNDA:0,(anonymous_2)
FNDA:0,(anonymous_3)
FNDA:0,(anonymous_4)
FNDA:0,(anonymous_5)
FNDA:0,(anonymous_6)
FNDA:0,(anonymous_7)
FNDA:16,(anonymous_8)
FNDA:12,(anonymous_9)
DA:1,10
DA:2,10
DA:3,10
DA:4,10
DA:6,10
DA:7,10
DA:9,10
DA:10,10
DA:11,10
DA:13,10
DA:14,10
DA:15,10
DA:18,9
DA:19,1
DA:20,1
DA:24,8
DA:25,2
DA:26,2
DA:29,2
DA:30,1
DA:31,1
DA:34,1
DA:39,6
DA:43,7
DA:44,5
DA:47,2
DA:48,1
DA:49,1
DA:53,1
DA:57,6
DA:61,6
DA:62,6
DA:65,6
DA:67,6
DA:69,2
DA:70,1
DA:71,1
DA:75,1
DA:78,5
DA:83,10
DA:84,0
DA:85,0
DA:86,0
DA:89,0
DA:90,0
DA:91,0
DA:95,0
DA:98,0
DA:99,0
DA:100,0
DA:104,0
DA:105,0
DA:106,0
DA:110,0
DA:111,0
DA:112,0
DA:113,0
DA:117,0
DA:119,0
DA:120,0
DA:121,0
DA:124,0
DA:125,0
DA:129,0
DA:130,0
DA:136,10
DA:137,0
DA:138,0
DA:140,0
DA:146,0
DA:149,0
DA:150,0
DA:151,0
DA:152,0
DA:156,0
DA:157,0
DA:158,0
DA:162,0
DA:163,0
DA:168,16
DA:169,12
DA:171,10
LF:82
LH:44
BRDA:18,0,0,1
BRDA:18,0,1,8
BRDA:24,1,0,2
BRDA:24,1,1,6
BRDA:29,2,0,1
BRDA:29,2,1,1
BRDA:43,3,0,5
BRDA:43,3,1,2
BRDA:47,4,0,1
BRDA:47,4,1,1
BRDA:69,5,0,1
BRDA:69,5,1,1
BRDA:89,6,0,0
BRDA:89,6,1,0
BRDA:98,7,0,0
BRDA:98,7,1,0
BRDA:104,8,0,0
BRDA:104,8,1,0
BRDA:104,9,0,0
BRDA:104,9,1,0
BRDA:110,10,0,0
BRDA:110,10,1,0
BRDA:110,11,0,0
BRDA:110,11,1,0
BRDA:119,12,0,0
BRDA:119,12,1,0
BRDA:149,13,0,0
BRDA:149,13,1,0
BRF:28
BRH:12
end_of_record
