TN:
SF:src\utils.js
FN:8,(anonymous_0)
FN:16,(anonymous_1)
FN:23,(anonymous_2)
FN:30,(anonymous_3)
FN:51,(anonymous_4)
FN:60,(anonymous_5)
FN:66,(anonymous_6)
FN:71,(anonymous_7)
FNF:8
FNH:8
FNDA:2,(anonymous_0)
FNDA:1,(anonymous_1)
FNDA:1,(anonymous_2)
FNDA:4,(anonymous_3)
FNDA:8,(anonymous_4)
FNDA:7,(anonymous_5)
FNDA:7,(anonymous_6)
FNDA:40,(anonymous_7)
DA:1,4
DA:2,4
DA:8,4
DA:9,2
DA:16,4
DA:17,1
DA:23,4
DA:24,1
DA:30,4
DA:41,4
DA:42,4
DA:43,4
DA:44,3
DA:46,1
DA:51,4
DA:52,8
DA:53,8
DA:54,8
DA:60,4
DA:61,7
DA:62,7
DA:66,4
DA:67,7
DA:71,40
DA:77,4
LF:25
LH:25
BRDA:8,0,0,1
BRDA:43,1,0,3
BRDA:43,1,1,1
BRF:3
BRH:3
end_of_record
TN:
SF:src\apiCalls\ICCCGithub.js
FN:12,(anonymous_0)
FN:25,(anonymous_1)
FN:41,(anonymous_2)
FN:43,(anonymous_3)
FN:43,(anonymous_4)
FN:67,(anonymous_5)
FN:78,(anonymous_6)
FN:100,(anonymous_7)
FN:105,(anonymous_8)
FN:106,(anonymous_9)
FNF:10
FNH:5
FNDA:2,(anonymous_0)
FNDA:0,(anonymous_1)
FNDA:0,(anonymous_2)
FNDA:0,(anonymous_3)
FNDA:0,(anonymous_4)
FNDA:0,(anonymous_5)
FNDA:2,(anonymous_6)
FNDA:1,(anonymous_7)
FNDA:2,(anonymous_8)
FNDA:2,(anonymous_9)
DA:1,1
DA:2,1
DA:3,1
DA:4,1
DA:5,1
DA:6,1
DA:12,1
DA:14,2
DA:16,2
DA:19,2
DA:20,1
DA:21,1
DA:25,1
DA:28,1
DA:30,1
DA:31,1
DA:37,0
DA:40,0
DA:43,0
DA:47,0
DA:50,0
DA:52,0
DA:53,0
DA:55,0
DA:57,0
DA:60,0
DA:61,0
DA:62,0
DA:63,0
DA:64,0
DA:65,0
DA:67,0
DA:68,0
DA:69,0
DA:70,0
DA:74,0
DA:78,1
DA:81,2
DA:86,2
DA:94,2
DA:100,1
DA:101,1
DA:105,1
DA:106,2
DA:112,1
LF:45
LH:25
BRDA:19,0,0,1
BRDA:19,0,1,1
BRDA:28,1,0,1
BRDA:28,1,1,0
BRDA:50,2,0,0
BRDA:50,2,1,0
BRF:6
BRH:3
end_of_record
TN:
SF:src\apiCalls\discordCalls.js
FN:7,(anonymous_0)
FN:14,(anonymous_1)
FN:34,(anonymous_2)
FNF:3
FNH:0
FNDA:0,(anonymous_0)
FNDA:0,(anonymous_1)
FNDA:0,(anonymous_2)
DA:1,4
DA:7,4
DA:8,0
DA:14,4
DA:15,0
DA:16,0
DA:17,0
DA:18,0
DA:19,0
DA:22,0
DA:23,0
DA:26,0
DA:27,0
DA:34,4
DA:35,0
DA:38,4
LF:16
LH:5
BRDA:7,0,0,0
BRDA:17,1,0,0
BRDA:17,1,1,0
BRF:3
BRH:0
end_of_record
TN:
SF:src\apiCalls\nexus.js
FN:16,(anonymous_0)
FN:33,(anonymous_1)
FN:99,(anonymous_2)
FN:160,(anonymous_3)
FN:182,(anonymous_4)
FN:193,(anonymous_5)
FN:203,(anonymous_6)
FN:226,(anonymous_7)
FN:228,(anonymous_8)
FN:232,(anonymous_9)
FN:253,(anonymous_10)
FN:266,(anonymous_11)
FN:297,(anonymous_12)
FN:317,(anonymous_13)
FN:324,(anonymous_14)
FN:325,(anonymous_15)
FN:327,(anonymous_16)
FN:332,(anonymous_17)
FN:350,(anonymous_18)
FN:351,(anonymous_19)
FN:352,(anonymous_20)
FNF:21
FNH:18
FNDA:7,(anonymous_0)
FNDA:4,(anonymous_1)
FNDA:7,(anonymous_2)
FNDA:4,(anonymous_3)
FNDA:1,(anonymous_4)
FNDA:1,(anonymous_5)
FNDA:10,(anonymous_6)
FNDA:0,(anonymous_7)
FNDA:0,(anonymous_8)
FNDA:4,(anonymous_9)
FNDA:0,(anonymous_10)
FNDA:2,(anonymous_11)
FNDA:9,(anonymous_12)
FNDA:4,(anonymous_13)
FNDA:3,(anonymous_14)
FNDA:1,(anonymous_15)
FNDA:3,(anonymous_16)
FNDA:2,(anonymous_17)
FNDA:12,(anonymous_18)
FNDA:15,(anonymous_19)
FNDA:9,(anonymous_20)
DA:1,35
DA:2,35
DA:3,35
DA:4,35
DA:6,35
DA:8,35
DA:9,35
DA:10,35
DA:11,35
DA:16,35
DA:17,7
DA:18,7
DA:23,7
DA:25,6
DA:26,1
DA:27,1
DA:30,5
DA:33,5
DA:36,5
DA:37,1
DA:38,1
DA:41,4
DA:44,4
DA:47,4
DA:48,4
DA:51,4
DA:52,1
DA:53,1
DA:56,3
DA:58,3
DA:61,3
DA:62,1
DA:63,1
DA:67,2
DA:70,2
DA:72,2
DA:74,1
DA:75,1
DA:76,1
DA:77,1
DA:81,1
DA:84,1
DA:85,1
DA:86,1
DA:90,3
DA:95,1
DA:99,35
DA:100,7
DA:101,7
DA:103,7
DA:104,7
DA:107,6
DA:108,1
DA:109,1
DA:112,5
DA:115,5
DA:117,5
DA:118,0
DA:119,0
DA:123,5
DA:124,3
DA:127,2
DA:128,1
DA:129,1
DA:133,1
DA:137,4
DA:140,4
DA:141,4
DA:144,4
DA:146,4
DA:147,3
DA:148,3
DA:152,1
DA:155,1
DA:160,35
DA:161,4
DA:162,4
DA:164,4
DA:172,3
DA:173,1
DA:174,1
DA:178,2
DA:179,2
DA:182,2
DA:184,2
DA:187,2
DA:188,1
DA:189,1
DA:192,1
DA:193,1
DA:194,1
DA:198,1
DA:199,1
DA:203,35
DA:206,10
DA:207,8
DA:208,8
DA:212,2
DA:213,2
DA:216,2
DA:217,1
DA:218,1
DA:222,1
DA:223,1
DA:226,35
DA:227,0
DA:228,0
DA:232,35
DA:233,4
DA:234,4
DA:235,4
DA:238,3
DA:239,1
DA:240,1
DA:244,2
DA:247,2
DA:248,2
DA:249,2
DA:253,0
DA:255,0
DA:259,1
DA:260,1
DA:266,35
DA:267,2
DA:268,2
DA:270,2
DA:278,1
DA:279,1
DA:280,1
DA:284,0
DA:285,0
DA:286,0
DA:290,1
DA:291,1
DA:297,35
DA:298,9
DA:299,9
DA:300,9
DA:303,8
DA:304,1
DA:305,1
DA:308,7
DA:311,7
DA:312,2
DA:313,2
DA:317,5
DA:318,2
DA:319,2
DA:323,3
DA:324,3
DA:325,1
DA:326,1
DA:327,3
DA:328,1
DA:332,2
DA:333,2
DA:334,1
DA:335,1
DA:338,1
DA:339,1
DA:344,1
DA:345,1
DA:350,35
DA:351,35
DA:352,35
DA:354,35
LF:166
LH:157
BRDA:25,0,0,1
BRDA:25,0,1,5
BRDA:36,1,0,1
BRDA:36,1,1,4
BRDA:51,2,0,1
BRDA:51,2,1,3
BRDA:61,3,0,1
BRDA:61,3,1,2
BRDA:72,4,0,1
BRDA:72,4,1,1
BRDA:107,5,0,1
BRDA:107,5,1,5
BRDA:117,6,0,0
BRDA:117,6,1,5
BRDA:123,7,0,3
BRDA:123,7,1,2
BRDA:127,8,0,1
BRDA:127,8,1,1
BRDA:146,9,0,3
BRDA:146,9,1,1
BRDA:172,10,0,1
BRDA:172,10,1,2
BRDA:187,11,0,1
BRDA:187,11,1,1
BRDA:206,12,0,8
BRDA:206,12,1,2
BRDA:216,13,0,1
BRDA:216,13,1,1
BRDA:238,14,0,1
BRDA:238,14,1,2
BRDA:247,15,0,2
BRDA:247,15,1,0
BRDA:278,16,0,1
BRDA:278,16,1,0
BRDA:303,17,0,1
BRDA:303,17,1,7
BRDA:311,18,0,2
BRDA:311,18,1,5
BRDA:317,19,0,2
BRDA:317,19,1,3
BRDA:317,20,0,5
BRDA:317,20,1,4
BRDA:324,21,0,1
BRDA:324,21,1,2
BRDA:333,22,0,1
BRDA:333,22,1,1
BRF:46
BRH:43
end_of_record
TN:
SF:src\apiCalls\twitch.js
FN:10,(anonymous_0)
FN:70,(anonymous_1)
FN:81,(anonymous_2)
FN:93,(anonymous_3)
FN:110,(anonymous_4)
FN:173,(anonymous_5)
FN:207,(anonymous_6)
FN:211,(anonymous_7)
FN:212,(anonymous_8)
FN:213,(anonymous_9)
FN:214,(anonymous_10)
FNF:11
FNH:10
FNDA:3,(anonymous_0)
FNDA:1,(anonymous_1)
FNDA:5,(anonymous_2)
FNDA:1,(anonymous_3)
FNDA:9,(anonymous_4)
FNDA:5,(anonymous_5)
FNDA:4,(anonymous_6)
FNDA:17,(anonymous_7)
FNDA:0,(anonymous_8)
FNDA:3,(anonymous_9)
FNDA:4,(anonymous_10)
DA:1,1
DA:2,1
DA:3,1
DA:4,1
DA:6,1
DA:7,1
DA:8,1
DA:10,1
DA:11,3
DA:15,3
DA:18,3
DA:19,1
DA:20,1
DA:24,2
DA:25,1
DA:26,1
DA:29,1
DA:30,1
DA:31,1
DA:34,0
DA:38,1
DA:42,1
DA:43,1
DA:46,0
DA:47,0
DA:48,0
DA:52,0
DA:56,1
DA:59,1
DA:62,1
DA:65,1
DA:68,1
DA:70,1
DA:72,1
DA:73,1
DA:74,1
DA:78,0
DA:81,1
DA:82,5
DA:87,5
DA:88,1
DA:89,1
DA:93,4
DA:94,1
DA:95,1
DA:99,3
DA:100,1
DA:101,1
DA:104,2
DA:105,2
DA:110,1
DA:112,9
DA:114,9
DA:115,8
DA:116,8
DA:117,8
DA:118,8
DA:119,8
DA:121,8
DA:122,1
DA:123,1
DA:126,7
DA:131,1
DA:132,1
DA:136,9
DA:137,1
DA:138,1
DA:142,8
DA:155,8
DA:156,1
DA:157,1
DA:160,7
DA:163,7
DA:164,2
DA:165,2
DA:168,5
DA:169,5
DA:173,1
DA:175,5
DA:185,5
DA:186,1
DA:187,1
DA:191,4
DA:194,4
DA:195,2
DA:196,2
DA:200,2
DA:202,2
DA:203,2
DA:207,1
DA:208,4
DA:211,17
DA:212,1
DA:213,3
DA:214,4
DA:217,1
LF:96
LH:90
BRDA:18,0,0,1
BRDA:18,0,1,2
BRDA:24,1,0,1
BRDA:24,1,1,1
BRDA:29,2,0,1
BRDA:29,2,1,0
BRDA:42,3,0,1
BRDA:42,3,1,0
BRDA:46,4,0,0
BRDA:46,4,1,0
BRDA:72,5,0,1
BRDA:72,5,1,0
BRDA:87,6,0,1
BRDA:87,6,1,4
BRDA:93,7,0,1
BRDA:93,7,1,3
BRDA:99,8,0,1
BRDA:99,8,1,2
BRDA:114,9,0,8
BRDA:114,9,1,1
BRDA:121,10,0,1
BRDA:121,10,1,7
BRDA:136,11,0,1
BRDA:136,11,1,8
BRDA:155,12,0,1
BRDA:155,12,1,7
BRDA:163,13,0,2
BRDA:163,13,1,5
BRDA:185,14,0,1
BRDA:185,14,1,4
BRDA:194,15,0,2
BRDA:194,15,1,2
BRDA:208,16,0,1
BRDA:208,16,1,3
BRF:34
BRH:29
end_of_record
TN:
SF:src\apiCalls\youtube.js
FN:11,sendLatestVideoMessage
FN:72,(anonymous_1)
FN:111,(anonymous_2)
FN:135,(anonymous_3)
FN:156,(anonymous_4)
FN:177,(anonymous_5)
FN:194,(anonymous_6)
FN:208,getLatestYoutubeVideo
FNF:8
FNH:7
FNDA:2,sendLatestVideoMessage
FNDA:0,(anonymous_1)
FNDA:2,(anonymous_2)
FNDA:8,(anonymous_3)
FNDA:4,(anonymous_4)
FNDA:3,(anonymous_5)
FNDA:2,(anonymous_6)
FNDA:7,getLatestYoutubeVideo
DA:1,1
DA:2,1
DA:3,1
DA:4,1
DA:6,1
DA:7,1
DA:8,1
DA:9,1
DA:12,2
DA:14,2
DA:16,2
DA:17,2
DA:18,2
DA:22,0
DA:27,0
DA:34,0
DA:37,0
DA:46,0
DA:50,0
DA:59,0
DA:66,0
DA:69,0
DA:72,0
DA:75,0
DA:76,0
DA:77,0
DA:78,0
DA:80,0
DA:81,0
DA:83,0
DA:84,0
DA:88,0
DA:93,0
DA:97,0
DA:98,0
DA:99,0
DA:101,0
DA:102,0
DA:111,1
DA:113,2
DA:118,2
DA:124,2
DA:135,1
DA:145,8
DA:146,1
DA:147,1
DA:149,7
DA:156,1
DA:157,4
DA:158,4
DA:162,4
DA:163,1
DA:166,1
DA:169,3
DA:170,1
DA:173,1
DA:177,3
DA:178,1
DA:181,1
DA:185,1
DA:186,1
DA:194,1
DA:195,2
DA:210,7
DA:211,7
DA:212,7
DA:213,7
DA:214,7
DA:215,7
DA:216,7
DA:218,7
DA:220,7
DA:221,7
DA:223,2
DA:227,2
DA:230,5
DA:231,1
DA:236,1
DA:240,4
DA:241,1
DA:242,1
DA:245,3
DA:248,3
DA:249,3
DA:250,3
DA:251,3
DA:253,3
DA:254,3
DA:256,3
DA:257,1
DA:262,1
DA:266,2
DA:267,1
DA:270,1
DA:273,1
DA:275,1
DA:285,1
LF:97
LH:72
BRDA:16,0,0,2
BRDA:16,0,1,0
BRDA:37,1,0,0
BRDA:37,1,1,0
BRDA:50,2,0,0
BRDA:50,2,1,0
BRDA:75,3,0,0
BRDA:75,3,1,0
BRDA:76,4,0,0
BRDA:76,4,1,0
BRDA:97,5,0,0
BRDA:97,5,1,0
BRDA:113,6,0,1
BRDA:113,6,1,1
BRDA:145,7,0,1
BRDA:145,7,1,7
BRDA:145,8,0,8
BRDA:145,8,1,4
BRDA:145,8,2,2
BRDA:162,9,0,1
BRDA:162,9,1,3
BRDA:169,10,0,1
BRDA:169,10,1,2
BRDA:177,11,0,1
BRDA:177,11,1,1
BRDA:230,12,0,1
BRDA:230,12,1,4
BRDA:240,13,0,1
BRDA:240,13,1,3
BRDA:256,14,0,1
BRDA:256,14,1,2
BRDA:266,15,0,1
BRDA:266,15,1,1
BRDA:280,16,0,1
BRDA:280,16,1,0
BRF:35
BRH:23
end_of_record
